============================= test session starts =============================
platform win32 -- Python 3.11.9, pytest-8.4.2, pluggy-1.6.0 -- D:\PythonInstaller\python.exe
cachedir: .pytest_cache
rootdir: d:\AI\memoryops-ai
plugins: anyio-4.13.0, langsmith-0.8.0, asyncio-1.4.0
asyncio: mode=Mode.STRICT, debug=False, asyncio_default_fixture_loop_scope=None, asyncio_default_test_loop_scope=function
collecting ... collected 242 items

tests/test_audit_service.py::test_audit_service_basic_recording PASSED   [  0%]
tests/test_audit_service.py::test_duplicate_event_rejection PASSED       [  0%]
tests/test_audit_service.py::test_deep_copy_protection PASSED            [  1%]
tests/test_audit_service.py::test_block_and_drop_with_none_memory_id PASSED [  1%]
tests/test_audit_service.py::test_scoped_filtering PASSED                [  2%]
tests/test_audit_service.py::test_deterministic_sorting PASSED           [  2%]
tests/test_audit_service.py::test_limit_validation PASSED                [  2%]
tests/test_audit_service.py::test_no_mutation_apis PASSED                [  3%]
tests/test_config.py::test_valid_configuration PASSED                    [  3%]
tests/test_config.py::test_invalid_database_type PASSED                  [  4%]
tests/test_config.py::test_invalid_port_range PASSED                     [  4%]
tests/test_config.py::test_invalid_pool_sizes PASSED                     [  4%]
tests/test_config.py::test_invalid_timeout PASSED                        [  5%]
tests/test_config.py::test_invalid_ssl_mode PASSED                       [  5%]
tests/test_config.py::test_production_safety_violations_ssl PASSED       [  6%]
tests/test_config.py::test_production_safety_violations_credentials PASSED [  6%]
tests/test_config.py::test_ssl_context_mapping PASSED                    [  7%]
tests/test_domain_models.py::test_candidate_memory_accepts_none PASSED   [  7%]
tests/test_domain_models.py::test_memory_record_accepts_none PASSED      [  7%]
tests/test_domain_models.py::test_candidate_memory_accepts_valid_canonical PASSED [  8%]
tests/test_domain_models.py::test_memory_record_accepts_valid_canonical PASSED [  8%]
tests/test_domain_models.py::test_whitespace_trimming PASSED             [  9%]
tests/test_domain_models.py::test_invalid_slots PASSED                   [  9%]
tests/test_domain_models.py::test_64_character_limit PASSED              [  9%]
tests/test_domain_models.py::test_policy_result_behavior_remains_unchanged PASSED [ 10%]
tests/test_embedding.py::test_embedding_service_interface_and_fake[asyncio] PASSED [ 10%]
tests/test_embedding.py::test_embedding_service_rejects_empty_input[asyncio] PASSED [ 11%]
tests/test_embedding.py::test_embedding_service_failure_propagation[asyncio] PASSED [ 11%]
tests/test_embedding_fallback.py::test_api_key_present_semantic_retrieval PASSED [ 11%]
tests/test_embedding_fallback.py::test_api_key_absent_fallback_retrieval PASSED [ 12%]
tests/test_embedding_fallback.py::test_provider_runtime_failure_fallback_retrieval PASSED [ 12%]
tests/test_embedding_fallback.py::test_explicit_fallback_provider_retrieval PASSED [ 13%]
tests/test_embedding_providers.py::test_gemini_embedding_constructor_key_resolution PASSED [ 13%]
tests/test_embedding_providers.py::test_gemini_embedding_constructor_timeout_validation PASSED [ 14%]
tests/test_embedding_providers.py::test_gemini_embedding_input_validation[asyncio] PASSED [ 14%]
tests/test_embedding_providers.py::test_gemini_embedding_successful_response[asyncio] PASSED [ 14%]
tests/test_embedding_providers.py::test_gemini_embedding_numeric_conversion[asyncio] PASSED [ 15%]
tests/test_embedding_providers.py::test_gemini_embedding_malformed_responses[asyncio] PASSED [ 15%]
tests/test_embedding_providers.py::test_gemini_embedding_error_propagation[asyncio] PASSED [ 16%]
tests/test_embedding_providers.py::test_fallback_embedding_service[asyncio] PASSED [ 16%]
tests/test_embedding_providers.py::test_embedding_factory_resolution PASSED [ 16%]
tests/test_evaluation_metrics.py::test_lexical_token_overlap PASSED      [ 17%]
tests/test_evaluation_metrics.py::test_lexical_token_overlap_no_overlap PASSED [ 17%]
tests/test_evaluation_metrics.py::test_lexical_token_overlap_empty PASSED [ 18%]
tests/test_evaluation_metrics.py::test_precision_at_k PASSED             [ 18%]
tests/test_evaluation_metrics.py::test_precision_at_k_empty PASSED       [ 19%]
tests/test_evaluation_metrics.py::test_recall_at_k PASSED                [ 19%]
tests/test_evaluation_metrics.py::test_recall_at_k_empty PASSED          [ 19%]
tests/test_evaluation_metrics.py::test_reciprocal_rank PASSED            [ 20%]
tests/test_evaluation_metrics.py::test_reciprocal_rank_empty PASSED      [ 20%]
tests/test_evaluation_metrics.py::test_average_precision PASSED          [ 21%]
tests/test_evaluation_metrics.py::test_average_precision_empty PASSED    [ 21%]
tests/test_evaluation_metrics.py::test_tenant_leakage PASSED             [ 21%]
tests/test_evaluation_metrics.py::test_user_leakage PASSED               [ 22%]
tests/test_evaluation_metrics.py::test_inactive_leakage PASSED           [ 22%]
tests/test_evaluation_metrics.py::test_deleted_leakage PASSED            [ 23%]
tests/test_evaluation_metrics.py::test_budget_compliance_clean PASSED    [ 23%]
tests/test_evaluation_metrics.py::test_budget_compliance_count_overflow PASSED [ 23%]
tests/test_evaluation_metrics.py::test_budget_compliance_char_overflow PASSED [ 24%]
tests/test_gateway.py::test_gateway_app_importable_and_routes_exposed PASSED [ 24%]
tests/test_gateway.py::test_gateway_chat_valid_request PASSED            [ 25%]
tests/test_gateway.py::test_gateway_chat_request_defaults_and_temporary_chat PASSED [ 25%]
tests/test_gateway.py::test_gateway_chat_message_validation PASSED       [ 26%]
tests/test_gateway.py::test_gateway_chat_whitespace_preservation PASSED  [ 26%]
tests/test_gateway.py::test_production_get_retrieval_coordinator_missing_key PASSED [ 26%]
tests/test_gateway.py::test_gateway_integration_hybrid_mode[asyncio] PASSED [ 27%]
tests/test_gateway.py::test_gateway_integration_fallback_mode[asyncio] PASSED [ 27%]
tests/test_gateway.py::test_gateway_integration_temporary_chat[asyncio] PASSED [ 28%]
tests/test_gateway.py::test_gateway_integration_tenant_isolation[asyncio] PASSED [ 28%]
tests/test_gateway.py::test_gateway_integration_user_isolation[asyncio] PASSED [ 28%]
tests/test_gateway.py::test_gateway_integration_lifecycle_isolation[asyncio] PASSED [ 29%]
tests/test_gateway.py::test_gateway_integration_downstream_non_embedding_errors_propagate[asyncio] PASSED [ 29%]
tests/test_gateway.py::test_gateway_integration_trace_ids PASSED         [ 30%]
tests/test_gateway.py::test_gateway_chat_write_path_save PASSED          [ 30%]
tests/test_gateway.py::test_gateway_chat_write_path_block_secret PASSED  [ 30%]
tests/test_gateway.py::test_gateway_chat_write_path_temporary_bypass PASSED [ 31%]
tests/test_governance_api.py::test_api_list_memories PASSED              [ 31%]
tests/test_governance_api.py::test_api_get_memory_by_id_and_provenance_and_audit PASSED [ 32%]
tests/test_governance_api.py::test_api_patch_memory_transitions_and_safety FAILED [ 32%]
tests/test_governance_api.py::test_api_delete_memory_idempotent PASSED   [ 33%]
tests/test_governance_api.py::test_api_audit_and_metrics FAILED          [ 33%]
tests/test_governance_api.py::test_healthz_and_readyz PASSED             [ 33%]
tests/test_governance_service.py::test_list_memories_default_and_filtering PASSED [ 34%]
tests/test_governance_service.py::test_get_memory_by_id_and_provenance PASSED [ 34%]
tests/test_governance_service.py::test_patch_memory_validation_and_safety_gate PASSED [ 35%]
tests/test_governance_service.py::test_patch_memory_single_valued_cardinality_revalidation PASSED [ 35%]
tests/test_governance_service.py::test_delete_memory_idempotency PASSED  [ 35%]
tests/test_governance_service.py::test_get_metrics PASSED                [ 36%]
tests/test_lifecycle_behaviors.py::test_retention_and_expiration[asyncio] PASSED [ 36%]
tests/test_lifecycle_behaviors.py::test_decay_processing[asyncio] FAILED [ 37%]
tests/test_lifecycle_behaviors.py::test_reflection_proposal_generation[asyncio] PASSED [ 37%]
tests/test_lifecycle_behaviors.py::test_compaction_and_legal_hold[asyncio] PASSED [ 38%]
tests/test_lifecycle_behaviors.py::test_repeated_scheduler_execution[asyncio] PASSED [ 38%]
tests/test_lifecycle_infrastructure.py::test_worker_registration[asyncio] PASSED [ 38%]
tests/test_lifecycle_infrastructure.py::test_execution_history_success_and_fail[asyncio] FAILED [ 39%]
tests/test_lifecycle_infrastructure.py::test_scheduled_execution[asyncio] FAILED [ 39%]
tests/test_lifecycle_infrastructure.py::test_legal_hold_gating[asyncio] PASSED [ 40%]
tests/test_lifecycle_infrastructure.py::test_concurrent_execution_protection[asyncio] FAILED [ 40%]
tests/test_negative_controls.py::test_negative_control_ranking_degradation PASSED [ 40%]
tests/test_negative_controls.py::test_negative_control_tenant_leakage PASSED [ 41%]
tests/test_negative_controls.py::test_negative_control_user_leakage PASSED [ 41%]
tests/test_negative_controls.py::test_negative_control_status_leakages PASSED [ 42%]
tests/test_negative_controls.py::test_negative_control_budget_overflows PASSED [ 42%]
tests/test_negative_controls.py::test_negative_control_fallback_failure_detection PASSED [ 42%]
tests/test_negative_controls.py::test_negative_control_tie_ordering_detection PASSED [ 43%]
tests/test_observability.py::test_telemetry_emission_and_spans[asyncio] PASSED [ 43%]
tests/test_observability.py::test_repository_and_transaction_timing_propagation[asyncio] PASSED [ 44%]
tests/test_observability.py::test_worker_and_scheduler_timing[asyncio] PASSED [ 44%]
tests/test_observability.py::test_database_timing_and_pool_metrics[asyncio] PASSED [ 45%]
tests/test_observability.py::test_exporter_unavailable_isolation[asyncio] PASSED [ 45%]
tests/test_openai_embedding.py::test_openai_embedding_constructor_key_resolution PASSED [ 45%]
tests/test_openai_embedding.py::test_openai_embedding_constructor_timeout_validation PASSED [ 46%]
tests/test_openai_embedding.py::test_openai_embedding_input_validation[asyncio] PASSED [ 46%]
tests/test_openai_embedding.py::test_openai_embedding_successful_response[asyncio] PASSED [ 47%]
tests/test_openai_embedding.py::test_openai_embedding_malformed_responses[asyncio] PASSED [ 47%]
tests/test_openai_embedding.py::test_openai_embedding_numeric_conversion_option_a[asyncio] PASSED [ 47%]
tests/test_openai_embedding.py::test_openai_embedding_error_propagation[asyncio] PASSED [ 48%]
tests/test_policy.py::test_static_slot_registry_vocabulary PASSED        [ 48%]
tests/test_policy.py::test_secret_blocking_openai_key PASSED             [ 49%]
tests/test_policy.py::test_secret_blocking_credential_keyvalue PASSED    [ 49%]
tests/test_policy.py::test_sensitivity_handling PASSED                   [ 50%]
tests/test_policy.py::test_save_fallback_none_slot PASSED                [ 50%]
tests/test_policy.py::test_save_fallback_unknown_slot PASSED             [ 50%]
tests/test_policy.py::test_save_fallback_multi_slot PASSED               [ 51%]
tests/test_policy.py::test_precedence_secret_over_sensitivity PASSED     [ 51%]
tests/test_policy.py::test_single_slot_gating_scenarios PASSED           [ 52%]
tests/test_postgres_repository.py::test_postgres_duplicate_create_rejection PASSED [ 52%]
tests/test_postgres_repository.py::test_postgres_scope_isolation PASSED  [ 52%]
tests/test_postgres_repository.py::test_postgres_scope_transfer_rejection PASSED [ 53%]
tests/test_postgres_repository.py::test_postgres_terminal_deletion PASSED [ 53%]
tests/test_postgres_repository.py::test_postgres_update_cannot_perform_deletion PASSED [ 54%]
tests/test_postgres_repository.py::test_postgres_immutable_admission_provenance PASSED [ 54%]
tests/test_postgres_repository.py::test_postgres_deep_copy_mutation_protection PASSED [ 54%]
tests/test_postgres_repository.py::test_postgres_list_active_active_only_filtering FAILED [ 55%]
tests/test_postgres_repository.py::test_postgres_list_active_deterministic_ordering PASSED [ 55%]
tests/test_postgres_repository.py::test_postgres_list_active_positive_limit_validation PASSED [ 56%]
tests/test_postgres_repository.py::test_postgres_list_by_status_scoped_filtering PASSED [ 56%]
tests/test_postgres_repository.py::test_postgres_get_active_by_slot_basic_scenarios FAILED [ 57%]
tests/test_postgres_repository.py::test_postgres_get_active_by_slot_filters FAILED [ 57%]
tests/test_postgres_repository.py::test_postgres_update_identity_immutability FAILED [ 57%]
tests/test_postgres_repository.py::test_postgres_search_candidates_flow FAILED [ 58%]
tests/test_postgres_repository.py::test_postgres_audit_service_basic_recording FAILED [ 58%]
tests/test_postgres_repository.py::test_postgres_duplicate_event_rejection FAILED [ 59%]
tests/test_postgres_repository.py::test_postgres_block_and_drop_with_none_memory_id FAILED [ 59%]
tests/test_postgres_repository.py::test_postgres_scoped_filtering FAILED [ 59%]
tests/test_postgres_repository.py::test_postgres_deterministic_sorting FAILED [ 60%]
tests/test_postgres_repository.py::test_postgres_limit_validation FAILED [ 60%]
tests/test_repository.py::test_duplicate_create_rejection PASSED         [ 61%]
tests/test_repository.py::test_scope_isolation PASSED                    [ 61%]
tests/test_repository.py::test_scope_transfer_rejection PASSED           [ 61%]
tests/test_repository.py::test_terminal_deletion PASSED                  [ 62%]
tests/test_repository.py::test_update_cannot_perform_deletion PASSED     [ 62%]
tests/test_repository.py::test_immutable_admission_provenance PASSED     [ 63%]
tests/test_repository.py::test_deep_copy_mutation_protection PASSED      [ 63%]
tests/test_repository.py::test_list_active_active_only_filtering PASSED  [ 64%]
tests/test_repository.py::test_list_active_deterministic_ordering PASSED [ 64%]
tests/test_repository.py::test_list_active_positive_limit_validation PASSED [ 64%]
tests/test_repository.py::test_list_by_status_scoped_filtering PASSED    [ 65%]
tests/test_repository.py::test_get_active_by_slot_basic_scenarios PASSED [ 65%]
tests/test_repository.py::test_get_active_by_slot_filters PASSED         [ 66%]
tests/test_repository.py::test_update_identity_immutability PASSED       [ 66%]
tests/test_repository.py::test_search_candidates_flow PASSED             [ 66%]
tests/test_retrieval_domain.py::test_retrieval_candidate_valid_state PASSED [ 67%]
tests/test_retrieval_domain.py::test_retrieval_candidate_allows_none_similarity PASSED [ 67%]
tests/test_retrieval_domain.py::test_retrieval_candidate_rejects_negative_terms PASSED [ 68%]
tests/test_retrieval_domain.py::test_retrieval_candidate_rejects_matched_greater_than_total PASSED [ 68%]
tests/test_retrieval_domain.py::test_retrieval_candidate_rejects_non_finite_similarity PASSED [ 69%]
tests/test_retrieval_domain.py::test_score_breakdown_accepts_valid_bounds PASSED [ 69%]
tests/test_retrieval_domain.py::test_score_breakdown_rejects_out_of_bounds PASSED [ 69%]
tests/test_retrieval_domain.py::test_score_breakdown_rejects_non_finite PASSED [ 70%]
tests/test_retrieval_domain.py::test_ranked_candidate_accepts_valid_state PASSED [ 70%]
tests/test_retrieval_domain.py::test_ranked_candidate_rejects_out_of_bounds_score PASSED [ 71%]
tests/test_retrieval_domain.py::test_ranked_candidate_rejects_non_finite_score PASSED [ 71%]
tests/test_retrieval_domain.py::test_ranked_candidate_rejects_rank_less_than_one PASSED [ 71%]
tests/test_retrieval_domain.py::test_used_memory_valid_state PASSED      [ 72%]
tests/test_retrieval_domain.py::test_used_memory_rejects_out_of_bounds_score PASSED [ 72%]
tests/test_retrieval_domain.py::test_used_memory_rejects_non_finite_score PASSED [ 73%]
tests/test_retrieval_domain.py::test_retrieval_mode_values PASSED        [ 73%]
tests/test_retrieval_services.py::test_retriever_standard_lexical_matching[asyncio] PASSED [ 73%]
tests/test_retrieval_services.py::test_retriever_case_and_duplicate_matching[asyncio] PASSED [ 74%]
tests/test_retrieval_services.py::test_retriever_punctuation_cleaning[asyncio] PASSED [ 74%]
tests/test_retrieval_services.py::test_retriever_no_stemming_matching[asyncio] PASSED [ 75%]
tests/test_retrieval_services.py::test_retriever_unicode_characters[asyncio] PASSED [ 75%]
tests/test_retrieval_services.py::test_retriever_duplicate_only_query[asyncio] PASSED [ 76%]
tests/test_retrieval_services.py::test_retriever_empty_normalized_query[asyncio] PASSED [ 76%]
tests/test_retrieval_services.py::test_retriever_none_similarity_preservation[asyncio] PASSED [ 76%]
tests/test_retrieval_services.py::test_retriever_zero_similarity_preservation[asyncio] PASSED [ 77%]
tests/test_retrieval_services.py::test_retriever_repository_delegation[asyncio] PASSED [ 77%]
tests/test_retrieval_services.py::test_retriever_empty_repository_results[asyncio] PASSED [ 78%]
tests/test_retrieval_services.py::test_coordinator_temporary_chat_bypass[asyncio] PASSED [ 78%]
tests/test_retrieval_services.py::test_coordinator_hybrid_success[asyncio] PASSED [ 78%]
tests/test_retrieval_services.py::test_coordinator_fallback_on_embedding_exception[asyncio] PASSED [ 79%]
tests/test_retrieval_services.py::test_coordinator_narrow_exception_propagation[asyncio] PASSED [ 79%]
tests/test_retrieval_services.py::test_coordinator_invalid_vector_dimension_propagates[asyncio] PASSED [ 80%]
tests/test_retrieval_services.py::test_coordinator_empty_results_preserve_modes[asyncio] PASSED [ 80%]
tests/test_retrieval_services.py::test_ranker_semantic_none_and_zero PASSED [ 80%]
tests/test_retrieval_services.py::test_ranker_cosine_clamping PASSED     [ 81%]
tests/test_retrieval_services.py::test_ranker_keyword_score PASSED       [ 81%]
tests/test_retrieval_services.py::test_ranker_importance_and_confidence PASSED [ 82%]
tests/test_retrieval_services.py::test_ranker_recency_score PASSED       [ 82%]
tests/test_retrieval_services.py::test_ranker_fractional_days_recency PASSED [ 83%]
tests/test_retrieval_services.py::test_ranker_future_timestamp_handling PASSED [ 83%]
tests/test_retrieval_services.py::test_ranker_reinforcement_score PASSED [ 83%]
tests/test_retrieval_services.py::test_ranker_final_weighted_score_calculation PASSED [ 84%]
tests/test_retrieval_services.py::test_ranker_no_fallback_weight_renormalization PASSED [ 84%]
tests/test_retrieval_services.py::test_ranker_no_pre_sort_rounding PASSED [ 85%]
tests/test_retrieval_services.py::test_ranker_tie_breaking_created_at PASSED [ 85%]
tests/test_retrieval_services.py::test_ranker_tie_breaking_uuid_alphabetical PASSED [ 85%]
tests/test_retrieval_services.py::test_ranker_rank_assignment_and_empty PASSED [ 86%]
tests/test_retrieval_services.py::test_composer_constructor_validation PASSED [ 86%]
tests/test_retrieval_services.py::test_composer_selection_and_budgeting PASSED [ 87%]
tests/test_retrieval_services.py::test_composer_exact_max_characters_fit PASSED [ 87%]
tests/test_retrieval_services.py::test_composer_empty_scenarios PASSED   [ 88%]
tests/test_retrieval_services.py::test_composer_reason_generation_logic PASSED [ 88%]
tests/test_retrieval_telemetry.py::test_coordinator_accepts_and_preserves_upstream_trace_id[asyncio] PASSED [ 88%]
tests/test_retrieval_telemetry.py::test_hybrid_execution_emits_telemetry_correctly[asyncio] PASSED [ 89%]
tests/test_retrieval_telemetry.py::test_fallback_execution_emits_telemetry_correctly[asyncio] PASSED [ 89%]
tests/test_retrieval_telemetry.py::test_temporary_chat_telemetry_and_no_invocation[asyncio] PASSED [ 90%]
tests/test_retrieval_telemetry.py::test_telemetry_privacy_and_no_sensitive_leakage[asyncio] PASSED [ 90%]
tests/test_retrieval_telemetry.py::test_telemetry_emission_failure_isolation[asyncio] PASSED [ 90%]
tests/test_retrieval_telemetry.py::test_downstream_failures_propagate[asyncio] PASSED [ 91%]
tests/test_retrieval_telemetry.py::test_coordinator_backward_compatibility_option_c[asyncio] PASSED [ 91%]
tests/test_retrieval_telemetry.py::test_retriever_defensive_boundary_scope_and_active[asyncio] PASSED [ 92%]
tests/test_retrieval_telemetry.py::test_gateway_propagates_generated_trace_id FAILED [ 92%]
tests/test_retrieval_telemetry.py::test_production_runtime_telemetry_wiring PASSED [ 92%]
tests/test_retrieval_telemetry.py::test_audit_separation PASSED          [ 93%]
tests/test_transactions.py::test_transaction_commit_success FAILED       [ 93%]
tests/test_transactions.py::test_transaction_rollback_on_repository_failure FAILED [ 94%]
tests/test_transactions.py::test_transaction_rollback_on_audit_failure FAILED [ 94%]
tests/test_transactions.py::test_nested_transaction_rollback FAILED      [ 95%]
tests/test_write_service.py::test_save_execution PASSED                  [ 95%]
tests/test_write_service.py::test_pending_approval_execution PASSED      [ 95%]
tests/test_write_service.py::test_block_execution PASSED                 [ 96%]
tests/test_write_service.py::test_drop_low_utility_execution PASSED      [ 96%]
tests/test_write_service.py::test_update_existing_success PASSED         [ 97%]
tests/test_write_service.py::test_update_existing_missing_target FAILED  [ 97%]
tests/test_write_service.py::test_update_existing_inactive_target FAILED [ 97%]
tests/test_write_service.py::test_update_existing_coordinate_mismatch FAILED [ 98%]
tests/test_write_service.py::test_malformed_update_existing_result FAILED [ 98%]
tests/test_write_service.py::test_merge_with_existing_throws FAILED      [ 99%]
tests/test_write_service.py::test_audit_failure_propagation FAILED       [ 99%]
tests/test_write_service.py::test_service_package_exports PASSED         [100%]

================================== FAILURES ===================================
________________ test_api_patch_memory_transitions_and_safety _________________
tests\test_governance_api.py:156: in test_api_patch_memory_transitions_and_safety
    assert resp_ok.status_code == 200
E   assert 404 == 200
E    +  where 404 = <Response [404 Not Found]>.status_code
_________________________ test_api_audit_and_metrics __________________________
tests\test_governance_api.py:225: in test_api_audit_and_metrics
    assert len(resp_audit.json()) == 1
E   assert 0 == 1
E    +  where 0 = len([])
E    +    where [] = json()
E    +      where json = <Response [200 OK]>.json
_______________________ test_decay_processing[asyncio] ________________________
tests\test_lifecycle_behaviors.py:189: in test_decay_processing
    assert run2.records_processed == 1
E   AssertionError: assert 0 == 1
E    +  where 0 = LifecycleRunHistory(id=UUID('2bf3aece-df08-4814-ba60-54f51a578f96'), job_name='decay_worker', status=<LifecycleJobStatus.SUCCESS: 'success'>, started_at=datetime.datetime(2026, 8, 12, 7, 10, 2, 464479, tzinfo=datetime.timezone.utc), completed_at=datetime.datetime(2026, 8, 12, 7, 10, 7, 840833, tzinfo=datetime.timezone.utc), error_message=None, records_processed=0, metadata={'tenant_id': 'tenant_a', 'user_id': 'user_a', 'now': datetime.datetime(2026, 8, 12, 7, 10, 6, 862218, tzinfo=datetime.timezone.utc), 'decay_days': 0}).records_processed
______________ test_execution_history_success_and_fail[asyncio] _______________
tests\test_lifecycle_infrastructure.py:141: in test_execution_history_success_and_fail
    run2 = await runner.run_job("fail_job", "tenant_a", "user_a")
           ^^^^^^^^^^^^^^^^^^^^^^^^^^^^^^^^^^^^^^^^^^^^^^^^^^^^^^
services\api\app\services\lifecycle.py:143: in run_job
    await self.lifecycle_repo.update_run(run)
services\api\app\services\observability.py:129: in async_wrapper
    return await func(*args, **kwargs)
           ^^^^^^^^^^^^^^^^^^^^^^^^^^^
services\api\app\repositories\postgres.py:687: in update_run
    raise ValueError(f"Missing target: Run with ID {run.id} does not exist.")
E   ValueError: Missing target: Run with ID 3bb0e01c-c02f-4e52-9282-ee1e5e2b2056 does not exist.
------------------------------ Captured log call ------------------------------
ERROR    app.services.lifecycle:lifecycle.py:121 Error running job 'fail_job': Something went wrong.
Traceback (most recent call last):
  File "d:\AI\memoryops-ai\services\api\app\services\lifecycle.py", line 110, in run_job
    records_processed = await worker.run(tenant_id, user_id, **kwargs)
                        ^^^^^^^^^^^^^^^^^^^^^^^^^^^^^^^^^^^^^^^^^^^^^^
  File "D:\AI\memoryops-ai\tests\test_lifecycle_infrastructure.py", line 67, in run
    raise RuntimeError("Something went wrong.")
RuntimeError: Something went wrong.
______________________ test_scheduled_execution[asyncio] ______________________
tests\test_lifecycle_infrastructure.py:185: in test_scheduled_execution
    assert len(runs) >= 2
E   assert 0 >= 2
E    +  where 0 = len([])
------------------------------ Captured log call ------------------------------
ERROR    app.services.lifecycle:lifecycle.py:215 Scheduler failed to run job 'scheduled_job': Missing target: Run with ID cf986712-8758-43d5-9a7b-5374c63d8906 does not exist.
________________ test_concurrent_execution_protection[asyncio] ________________
tests\test_lifecycle_infrastructure.py:263: in test_concurrent_execution_protection
    run_diff = await runner.run_job("sleep_job", "tenant_b", "user_a")
               ^^^^^^^^^^^^^^^^^^^^^^^^^^^^^^^^^^^^^^^^^^^^^^^^^^^^^^^
services\api\app\services\lifecycle.py:143: in run_job
    await self.lifecycle_repo.update_run(run)
services\api\app\services\observability.py:129: in async_wrapper
    return await func(*args, **kwargs)
           ^^^^^^^^^^^^^^^^^^^^^^^^^^^
services\api\app\repositories\postgres.py:687: in update_run
    raise ValueError(f"Missing target: Run with ID {run.id} does not exist.")
E   ValueError: Missing target: Run with ID 783a4394-c41a-4635-adc9-f04cb4fc5d76 does not exist.
_______________ test_postgres_list_active_active_only_filtering _______________
tests\test_postgres_repository.py:236: in test_postgres_list_active_active_only_filtering
    asyncio.run(run())
D:\PythonInstaller\Lib\asyncio\runners.py:190: in run
    return runner.run(main)
           ^^^^^^^^^^^^^^^^
D:\PythonInstaller\Lib\asyncio\runners.py:118: in run
    return self._loop.run_until_complete(task)
           ^^^^^^^^^^^^^^^^^^^^^^^^^^^^^^^^^^^
D:\PythonInstaller\Lib\asyncio\base_events.py:654: in run_until_complete
    return future.result()
           ^^^^^^^^^^^^^^^
tests\test_postgres_repository.py:234: in run
    assert len(active_list) == 1
E   AssertionError: assert 2 == 1
E    +  where 2 = len([MemoryRecord(id=UUID('306cdca3-2fb2-44dd-8b36-e0b4056b4d77'), tenant_id='tenant_a', user_id='user_a', content='I prefer Python.', memory_type=<MemoryType.SEMANTIC: 'semantic'>, status=<MemoryStatus.ACTIVE: 'active'>, sensitivity=<Sensitivity.LOW: 'low'>, importance=5, confidence=0.0, reinforcement_count=0, embedding=None, source_kind='chat', source_conversation_id=None, source_excerpt=None, initial_policy_decision=<PolicyDecision.SAVE: 'SAVE'>, initial_policy_reason='test', created_at=datetime.datetime(2026, 8, 12, 7, 15, 34, 162734, tzinfo=datetime.timezone.utc), updated_at=datetime.datetime(2026, 8, 12, 7, 15, 34, 162734, tzinfo=datetime.timezone.utc), archived_at=None, deleted_at=None, legal_hold=False, expires_at=None, identity_slot=None), MemoryRecord(id=UUID('c23dd359-3d8b-48c0-8f0a-be1eaaf6dddc'), tenant_id='tenant_a', user_id='user_a', content='Active', memory_type=<MemoryType.SEMANTIC: 'semantic'>, status=<MemoryStatus.ACTIVE: 'active'>, sensitivity=<Sensitivity.LOW: 'low'>, importance=5, confidence=0.0, reinforcement_count=0, embedding=None, source_kind='chat', source_conversation_id=None, source_excerpt=None, initial_policy_decision=<PolicyDecision.SAVE: 'SAVE'>, initial_policy_reason='test', created_at=datetime.datetime(2026, 8, 12, 7, 15, 30, 16681, tzinfo=datetime.timezone.utc), updated_at=datetime.datetime(2026, 8, 12, 7, 15, 30, 16681, tzinfo=datetime.timezone.utc), archived_at=None, deleted_at=None, legal_hold=False, expires_at=None, identity_slot=None)])
______________ test_postgres_get_active_by_slot_basic_scenarios _______________
tests\test_postgres_repository.py:351: in test_postgres_get_active_by_slot_basic_scenarios
    asyncio.run(run())
D:\PythonInstaller\Lib\asyncio\runners.py:190: in run
    return runner.run(main)
           ^^^^^^^^^^^^^^^^
D:\PythonInstaller\Lib\asyncio\runners.py:118: in run
    return self._loop.run_until_complete(task)
           ^^^^^^^^^^^^^^^^^^^^^^^^^^^^^^^^^^^
D:\PythonInstaller\Lib\asyncio\base_events.py:654: in run_until_complete
    return future.result()
           ^^^^^^^^^^^^^^^
tests\test_postgres_repository.py:329: in run
    assert len(res1) == 1
E   assert 0 == 1
E    +  where 0 = len([])
__________________ test_postgres_get_active_by_slot_filters ___________________
tests\test_postgres_repository.py:418: in test_postgres_get_active_by_slot_filters
    asyncio.run(run())
D:\PythonInstaller\Lib\asyncio\runners.py:190: in run
    return runner.run(main)
           ^^^^^^^^^^^^^^^^
D:\PythonInstaller\Lib\asyncio\runners.py:118: in run
    return self._loop.run_until_complete(task)
           ^^^^^^^^^^^^^^^^^^^^^^^^^^^^^^^^^^^
D:\PythonInstaller\Lib\asyncio\base_events.py:654: in run_until_complete
    return future.result()
           ^^^^^^^^^^^^^^^
tests\test_postgres_repository.py:356: in run
    await setup_db()
tests\test_postgres_repository.py:28: in setup_db
    await conn.execute("TRUNCATE TABLE memories, memory_audit_logs CASCADE;")
D:\PythonInstaller\Lib\site-packages\asyncpg\connection.py:354: in execute
    result = await self._protocol.query(query, timeout)
             ^^^^^^^^^^^^^^^^^^^^^^^^^^^^^^^^^^^^^^^^^^
asyncpg/protocol/protocol.pyx:369: in query
    ???
E   asyncpg.exceptions.ConnectionDoesNotExistError: connection was closed in the middle of operation
_________________ test_postgres_update_identity_immutability __________________
tests\test_postgres_repository.py:457: in test_postgres_update_identity_immutability
    asyncio.run(run())
D:\PythonInstaller\Lib\asyncio\runners.py:190: in run
    return runner.run(main)
           ^^^^^^^^^^^^^^^^
D:\PythonInstaller\Lib\asyncio\runners.py:118: in run
    return self._loop.run_until_complete(task)
           ^^^^^^^^^^^^^^^^^^^^^^^^^^^^^^^^^^^
D:\PythonInstaller\Lib\asyncio\base_events.py:654: in run_until_complete
    return future.result()
           ^^^^^^^^^^^^^^^
tests\test_postgres_repository.py:423: in run
    await setup_db()
tests\test_postgres_repository.py:26: in setup_db
    await db_manager.initialize()
services\api\app\repositories\postgres_connection.py:61: in initialize
    self.pool = await asyncpg.create_pool(
D:\PythonInstaller\Lib\site-packages\asyncpg\pool.py:439: in _async__init__
    await self._initialize()
D:\PythonInstaller\Lib\site-packages\asyncpg\pool.py:466: in _initialize
    await first_ch.connect()
D:\PythonInstaller\Lib\site-packages\asyncpg\pool.py:153: in connect
    self._con = await self._pool._get_new_connection()
                ^^^^^^^^^^^^^^^^^^^^^^^^^^^^^^^^^^^^^^
D:\PythonInstaller\Lib\site-packages\asyncpg\pool.py:538: in _get_new_connection
    con = await self._connect(
D:\PythonInstaller\Lib\site-packages\asyncpg\connection.py:2443: in connect
    return await connect_utils._connect(
D:\PythonInstaller\Lib\site-packages\asyncpg\connect_utils.py:1218: in _connect
    conn = await _connect_addr(
D:\PythonInstaller\Lib\site-packages\asyncpg\connect_utils.py:1054: in _connect_addr
    return await __connect_addr(params, True, *args)
           ^^^^^^^^^^^^^^^^^^^^^^^^^^^^^^^^^^^^^^^^^
D:\PythonInstaller\Lib\site-packages\asyncpg\connect_utils.py:1102: in __connect_addr
    await connected
E   asyncpg.exceptions.CannotConnectNowError: the database system is in recovery mode
------------------------------ Captured log call ------------------------------
ERROR    app.repositories.postgres_connection:postgres_connection.py:75 Failed to initialize PostgreSQL connection pool: the database system is in recovery mode
____________________ test_postgres_search_candidates_flow _____________________
tests\test_postgres_repository.py:513: in test_postgres_search_candidates_flow
    asyncio.run(run())
D:\PythonInstaller\Lib\asyncio\runners.py:190: in run
    return runner.run(main)
           ^^^^^^^^^^^^^^^^
D:\PythonInstaller\Lib\asyncio\runners.py:118: in run
    return self._loop.run_until_complete(task)
           ^^^^^^^^^^^^^^^^^^^^^^^^^^^^^^^^^^^
D:\PythonInstaller\Lib\asyncio\base_events.py:654: in run_until_complete
    return future.result()
           ^^^^^^^^^^^^^^^
tests\test_postgres_repository.py:462: in run
    await setup_db()
tests\test_postgres_repository.py:26: in setup_db
    await db_manager.initialize()
services\api\app\repositories\postgres_connection.py:61: in initialize
    self.pool = await asyncpg.create_pool(
D:\PythonInstaller\Lib\site-packages\asyncpg\pool.py:439: in _async__init__
    await self._initialize()
D:\PythonInstaller\Lib\site-packages\asyncpg\pool.py:466: in _initialize
    await first_ch.connect()
D:\PythonInstaller\Lib\site-packages\asyncpg\pool.py:153: in connect
    self._con = await self._pool._get_new_connection()
                ^^^^^^^^^^^^^^^^^^^^^^^^^^^^^^^^^^^^^^
D:\PythonInstaller\Lib\site-packages\asyncpg\pool.py:538: in _get_new_connection
    con = await self._connect(
D:\PythonInstaller\Lib\site-packages\asyncpg\connection.py:2443: in connect
    return await connect_utils._connect(
D:\PythonInstaller\Lib\site-packages\asyncpg\connect_utils.py:1218: in _connect
    conn = await _connect_addr(
D:\PythonInstaller\Lib\site-packages\asyncpg\connect_utils.py:1054: in _connect_addr
    return await __connect_addr(params, True, *args)
           ^^^^^^^^^^^^^^^^^^^^^^^^^^^^^^^^^^^^^^^^^
D:\PythonInstaller\Lib\site-packages\asyncpg\connect_utils.py:1102: in __connect_addr
    await connected
E   asyncpg.exceptions.CannotConnectNowError: the database system is in recovery mode
------------------------------ Captured log call ------------------------------
ERROR    app.repositories.postgres_connection:postgres_connection.py:75 Failed to initialize PostgreSQL connection pool: the database system is in recovery mode
_________________ test_postgres_audit_service_basic_recording _________________
tests\test_postgres_repository.py:556: in test_postgres_audit_service_basic_recording
    asyncio.run(run())
D:\PythonInstaller\Lib\asyncio\runners.py:190: in run
    return runner.run(main)
           ^^^^^^^^^^^^^^^^
D:\PythonInstaller\Lib\asyncio\runners.py:118: in run
    return self._loop.run_until_complete(task)
           ^^^^^^^^^^^^^^^^^^^^^^^^^^^^^^^^^^^
D:\PythonInstaller\Lib\asyncio\base_events.py:654: in run_until_complete
    return future.result()
           ^^^^^^^^^^^^^^^
tests\test_postgres_repository.py:518: in run
    await setup_db()
tests\test_postgres_repository.py:26: in setup_db
    await db_manager.initialize()
services\api\app\repositories\postgres_connection.py:61: in initialize
    self.pool = await asyncpg.create_pool(
D:\PythonInstaller\Lib\site-packages\asyncpg\pool.py:439: in _async__init__
    await self._initialize()
D:\PythonInstaller\Lib\site-packages\asyncpg\pool.py:466: in _initialize
    await first_ch.connect()
D:\PythonInstaller\Lib\site-packages\asyncpg\pool.py:153: in connect
    self._con = await self._pool._get_new_connection()
                ^^^^^^^^^^^^^^^^^^^^^^^^^^^^^^^^^^^^^^
D:\PythonInstaller\Lib\site-packages\asyncpg\pool.py:538: in _get_new_connection
    con = await self._connect(
D:\PythonInstaller\Lib\site-packages\asyncpg\connection.py:2443: in connect
    return await connect_utils._connect(
D:\PythonInstaller\Lib\site-packages\asyncpg\connect_utils.py:1218: in _connect
    conn = await _connect_addr(
D:\PythonInstaller\Lib\site-packages\asyncpg\connect_utils.py:1054: in _connect_addr
    return await __connect_addr(params, True, *args)
           ^^^^^^^^^^^^^^^^^^^^^^^^^^^^^^^^^^^^^^^^^
D:\PythonInstaller\Lib\site-packages\asyncpg\connect_utils.py:1102: in __connect_addr
    await connected
E   asyncpg.exceptions.CannotConnectNowError: the database system is in recovery mode
------------------------------ Captured log call ------------------------------
ERROR    app.repositories.postgres_connection:postgres_connection.py:75 Failed to initialize PostgreSQL connection pool: the database system is in recovery mode
___________________ test_postgres_duplicate_event_rejection ___________________
tests\test_postgres_repository.py:574: in test_postgres_duplicate_event_rejection
    asyncio.run(run())
D:\PythonInstaller\Lib\asyncio\runners.py:190: in run
    return runner.run(main)
           ^^^^^^^^^^^^^^^^
D:\PythonInstaller\Lib\asyncio\runners.py:118: in run
    return self._loop.run_until_complete(task)
           ^^^^^^^^^^^^^^^^^^^^^^^^^^^^^^^^^^^
D:\PythonInstaller\Lib\asyncio\base_events.py:654: in run_until_complete
    return future.result()
           ^^^^^^^^^^^^^^^
tests\test_postgres_repository.py:561: in run
    await setup_db()
tests\test_postgres_repository.py:26: in setup_db
    await db_manager.initialize()
services\api\app\repositories\postgres_connection.py:61: in initialize
    self.pool = await asyncpg.create_pool(
D:\PythonInstaller\Lib\site-packages\asyncpg\pool.py:439: in _async__init__
    await self._initialize()
D:\PythonInstaller\Lib\site-packages\asyncpg\pool.py:466: in _initialize
    await first_ch.connect()
D:\PythonInstaller\Lib\site-packages\asyncpg\pool.py:153: in connect
    self._con = await self._pool._get_new_connection()
                ^^^^^^^^^^^^^^^^^^^^^^^^^^^^^^^^^^^^^^
D:\PythonInstaller\Lib\site-packages\asyncpg\pool.py:538: in _get_new_connection
    con = await self._connect(
D:\PythonInstaller\Lib\site-packages\asyncpg\connection.py:2443: in connect
    return await connect_utils._connect(
D:\PythonInstaller\Lib\site-packages\asyncpg\connect_utils.py:1218: in _connect
    conn = await _connect_addr(
D:\PythonInstaller\Lib\site-packages\asyncpg\connect_utils.py:1054: in _connect_addr
    return await __connect_addr(params, True, *args)
           ^^^^^^^^^^^^^^^^^^^^^^^^^^^^^^^^^^^^^^^^^
D:\PythonInstaller\Lib\site-packages\asyncpg\connect_utils.py:1102: in __connect_addr
    await connected
E   asyncpg.exceptions.CannotConnectNowError: the database system is in recovery mode
------------------------------ Captured log call ------------------------------
ERROR    app.repositories.postgres_connection:postgres_connection.py:75 Failed to initialize PostgreSQL connection pool: the database system is in recovery mode
______________ test_postgres_block_and_drop_with_none_memory_id _______________
tests\test_postgres_repository.py:611: in test_postgres_block_and_drop_with_none_memory_id
    asyncio.run(run())
D:\PythonInstaller\Lib\asyncio\runners.py:190: in run
    return runner.run(main)
           ^^^^^^^^^^^^^^^^
D:\PythonInstaller\Lib\asyncio\runners.py:118: in run
    return self._loop.run_until_complete(task)
           ^^^^^^^^^^^^^^^^^^^^^^^^^^^^^^^^^^^
D:\PythonInstaller\Lib\asyncio\base_events.py:654: in run_until_complete
    return future.result()
           ^^^^^^^^^^^^^^^
tests\test_postgres_repository.py:579: in run
    await setup_db()
tests\test_postgres_repository.py:26: in setup_db
    await db_manager.initialize()
services\api\app\repositories\postgres_connection.py:61: in initialize
    self.pool = await asyncpg.create_pool(
D:\PythonInstaller\Lib\site-packages\asyncpg\pool.py:439: in _async__init__
    await self._initialize()
D:\PythonInstaller\Lib\site-packages\asyncpg\pool.py:466: in _initialize
    await first_ch.connect()
D:\PythonInstaller\Lib\site-packages\asyncpg\pool.py:153: in connect
    self._con = await self._pool._get_new_connection()
                ^^^^^^^^^^^^^^^^^^^^^^^^^^^^^^^^^^^^^^
D:\PythonInstaller\Lib\site-packages\asyncpg\pool.py:538: in _get_new_connection
    con = await self._connect(
D:\PythonInstaller\Lib\site-packages\asyncpg\connection.py:2443: in connect
    return await connect_utils._connect(
D:\PythonInstaller\Lib\site-packages\asyncpg\connect_utils.py:1218: in _connect
    conn = await _connect_addr(
D:\PythonInstaller\Lib\site-packages\asyncpg\connect_utils.py:1054: in _connect_addr
    return await __connect_addr(params, True, *args)
           ^^^^^^^^^^^^^^^^^^^^^^^^^^^^^^^^^^^^^^^^^
D:\PythonInstaller\Lib\site-packages\asyncpg\connect_utils.py:1102: in __connect_addr
    await connected
E   asyncpg.exceptions.CannotConnectNowError: the database system is in recovery mode
------------------------------ Captured log call ------------------------------
ERROR    app.repositories.postgres_connection:postgres_connection.py:75 Failed to initialize PostgreSQL connection pool: the database system is in recovery mode
_______________________ test_postgres_scoped_filtering ________________________
tests\test_postgres_repository.py:644: in test_postgres_scoped_filtering
    asyncio.run(run())
D:\PythonInstaller\Lib\asyncio\runners.py:190: in run
    return runner.run(main)
           ^^^^^^^^^^^^^^^^
D:\PythonInstaller\Lib\asyncio\runners.py:118: in run
    return self._loop.run_until_complete(task)
           ^^^^^^^^^^^^^^^^^^^^^^^^^^^^^^^^^^^
D:\PythonInstaller\Lib\asyncio\base_events.py:654: in run_until_complete
    return future.result()
           ^^^^^^^^^^^^^^^
tests\test_postgres_repository.py:616: in run
    await setup_db()
tests\test_postgres_repository.py:26: in setup_db
    await db_manager.initialize()
services\api\app\repositories\postgres_connection.py:61: in initialize
    self.pool = await asyncpg.create_pool(
D:\PythonInstaller\Lib\site-packages\asyncpg\pool.py:439: in _async__init__
    await self._initialize()
D:\PythonInstaller\Lib\site-packages\asyncpg\pool.py:466: in _initialize
    await first_ch.connect()
D:\PythonInstaller\Lib\site-packages\asyncpg\pool.py:153: in connect
    self._con = await self._pool._get_new_connection()
                ^^^^^^^^^^^^^^^^^^^^^^^^^^^^^^^^^^^^^^
D:\PythonInstaller\Lib\site-packages\asyncpg\pool.py:538: in _get_new_connection
    con = await self._connect(
D:\PythonInstaller\Lib\site-packages\asyncpg\connection.py:2443: in connect
    return await connect_utils._connect(
D:\PythonInstaller\Lib\site-packages\asyncpg\connect_utils.py:1218: in _connect
    conn = await _connect_addr(
D:\PythonInstaller\Lib\site-packages\asyncpg\connect_utils.py:1054: in _connect_addr
    return await __connect_addr(params, True, *args)
           ^^^^^^^^^^^^^^^^^^^^^^^^^^^^^^^^^^^^^^^^^
D:\PythonInstaller\Lib\site-packages\asyncpg\connect_utils.py:1102: in __connect_addr
    await connected
E   asyncpg.exceptions.CannotConnectNowError: the database system is in recovery mode
------------------------------ Captured log call ------------------------------
ERROR    app.repositories.postgres_connection:postgres_connection.py:75 Failed to initialize PostgreSQL connection pool: the database system is in recovery mode
_____________________ test_postgres_deterministic_sorting _____________________
tests\test_postgres_repository.py:667: in test_postgres_deterministic_sorting
    asyncio.run(run())
D:\PythonInstaller\Lib\asyncio\runners.py:190: in run
    return runner.run(main)
           ^^^^^^^^^^^^^^^^
D:\PythonInstaller\Lib\asyncio\runners.py:118: in run
    return self._loop.run_until_complete(task)
           ^^^^^^^^^^^^^^^^^^^^^^^^^^^^^^^^^^^
D:\PythonInstaller\Lib\asyncio\base_events.py:654: in run_until_complete
    return future.result()
           ^^^^^^^^^^^^^^^
tests\test_postgres_repository.py:649: in run
    await setup_db()
tests\test_postgres_repository.py:26: in setup_db
    await db_manager.initialize()
services\api\app\repositories\postgres_connection.py:61: in initialize
    self.pool = await asyncpg.create_pool(
D:\PythonInstaller\Lib\site-packages\asyncpg\pool.py:439: in _async__init__
    await self._initialize()
D:\PythonInstaller\Lib\site-packages\asyncpg\pool.py:466: in _initialize
    await first_ch.connect()
D:\PythonInstaller\Lib\site-packages\asyncpg\pool.py:153: in connect
    self._con = await self._pool._get_new_connection()
                ^^^^^^^^^^^^^^^^^^^^^^^^^^^^^^^^^^^^^^
D:\PythonInstaller\Lib\site-packages\asyncpg\pool.py:538: in _get_new_connection
    con = await self._connect(
D:\PythonInstaller\Lib\site-packages\asyncpg\connection.py:2443: in connect
    return await connect_utils._connect(
D:\PythonInstaller\Lib\site-packages\asyncpg\connect_utils.py:1218: in _connect
    conn = await _connect_addr(
D:\PythonInstaller\Lib\site-packages\asyncpg\connect_utils.py:1054: in _connect_addr
    return await __connect_addr(params, True, *args)
           ^^^^^^^^^^^^^^^^^^^^^^^^^^^^^^^^^^^^^^^^^
D:\PythonInstaller\Lib\site-packages\asyncpg\connect_utils.py:1102: in __connect_addr
    await connected
E   asyncpg.exceptions.CannotConnectNowError: the database system is in recovery mode
------------------------------ Captured log call ------------------------------
ERROR    app.repositories.postgres_connection:postgres_connection.py:75 Failed to initialize PostgreSQL connection pool: the database system is in recovery mode
_______________________ test_postgres_limit_validation ________________________
tests\test_postgres_repository.py:678: in test_postgres_limit_validation
    asyncio.run(run())
D:\PythonInstaller\Lib\asyncio\runners.py:190: in run
    return runner.run(main)
           ^^^^^^^^^^^^^^^^
D:\PythonInstaller\Lib\asyncio\runners.py:118: in run
    return self._loop.run_until_complete(task)
           ^^^^^^^^^^^^^^^^^^^^^^^^^^^^^^^^^^^
D:\PythonInstaller\Lib\asyncio\base_events.py:654: in run_until_complete
    return future.result()
           ^^^^^^^^^^^^^^^
tests\test_postgres_repository.py:672: in run
    await setup_db()
tests\test_postgres_repository.py:26: in setup_db
    await db_manager.initialize()
services\api\app\repositories\postgres_connection.py:61: in initialize
    self.pool = await asyncpg.create_pool(
D:\PythonInstaller\Lib\site-packages\asyncpg\pool.py:439: in _async__init__
    await self._initialize()
D:\PythonInstaller\Lib\site-packages\asyncpg\pool.py:466: in _initialize
    await first_ch.connect()
D:\PythonInstaller\Lib\site-packages\asyncpg\pool.py:153: in connect
    self._con = await self._pool._get_new_connection()
                ^^^^^^^^^^^^^^^^^^^^^^^^^^^^^^^^^^^^^^
D:\PythonInstaller\Lib\site-packages\asyncpg\pool.py:538: in _get_new_connection
    con = await self._connect(
D:\PythonInstaller\Lib\site-packages\asyncpg\connection.py:2443: in connect
    return await connect_utils._connect(
D:\PythonInstaller\Lib\site-packages\asyncpg\connect_utils.py:1218: in _connect
    conn = await _connect_addr(
D:\PythonInstaller\Lib\site-packages\asyncpg\connect_utils.py:1054: in _connect_addr
    return await __connect_addr(params, True, *args)
           ^^^^^^^^^^^^^^^^^^^^^^^^^^^^^^^^^^^^^^^^^
D:\PythonInstaller\Lib\site-packages\asyncpg\connect_utils.py:1102: in __connect_addr
    await connected
E   asyncpg.exceptions.CannotConnectNowError: the database system is in recovery mode
------------------------------ Captured log call ------------------------------
ERROR    app.repositories.postgres_connection:postgres_connection.py:75 Failed to initialize PostgreSQL connection pool: the database system is in recovery mode
_________________ test_gateway_propagates_generated_trace_id __________________
tests\test_retrieval_telemetry.py:204: in test_gateway_propagates_generated_trace_id
    response = client.post("/api/chat", json=payload)
               ^^^^^^^^^^^^^^^^^^^^^^^^^^^^^^^^^^^^^^
D:\PythonInstaller\Lib\site-packages\starlette\testclient.py:538: in post
    return super().post(
D:\PythonInstaller\Lib\site-packages\httpx\_client.py:1157: in post
    return self.request(
D:\PythonInstaller\Lib\site-packages\starlette\testclient.py:437: in request
    return super().request(
D:\PythonInstaller\Lib\site-packages\httpx\_client.py:837: in request
    return self.send(request, auth=auth, follow_redirects=follow_redirects)
           ^^^^^^^^^^^^^^^^^^^^^^^^^^^^^^^^^^^^^^^^^^^^^^^^^^^^^^^^^^^^^^^^
D:\PythonInstaller\Lib\site-packages\httpx\_client.py:926: in send
    response = self._send_handling_auth(
D:\PythonInstaller\Lib\site-packages\httpx\_client.py:954: in _send_handling_auth
    response = self._send_handling_redirects(
D:\PythonInstaller\Lib\site-packages\httpx\_client.py:991: in _send_handling_redirects
    response = self._send_single_request(request)
               ^^^^^^^^^^^^^^^^^^^^^^^^^^^^^^^^^^
D:\PythonInstaller\Lib\site-packages\httpx\_client.py:1027: in _send_single_request
    response = transport.handle_request(request)
               ^^^^^^^^^^^^^^^^^^^^^^^^^^^^^^^^^
D:\PythonInstaller\Lib\site-packages\starlette\testclient.py:340: in handle_request
    raise exc
D:\PythonInstaller\Lib\site-packages\starlette\testclient.py:337: in handle_request
    portal.call(self.app, scope, receive, send)
D:\PythonInstaller\Lib\site-packages\anyio\from_thread.py:334: in call
    return cast(T_Retval, self.start_task_soon(func, *args).result())
                          ^^^^^^^^^^^^^^^^^^^^^^^^^^^^^^^^^^^^^^^^^^
D:\PythonInstaller\Lib\concurrent\futures\_base.py:456: in result
    return self.__get_result()
           ^^^^^^^^^^^^^^^^^^^
D:\PythonInstaller\Lib\concurrent\futures\_base.py:401: in __get_result
    raise self._exception
D:\PythonInstaller\Lib\site-packages\anyio\from_thread.py:259: in _call_func
    retval = await retval_or_awaitable
             ^^^^^^^^^^^^^^^^^^^^^^^^^
D:\PythonInstaller\Lib\site-packages\fastapi\applications.py:1054: in __call__
    await super().__call__(scope, receive, send)
D:\PythonInstaller\Lib\site-packages\starlette\applications.py:112: in __call__
    await self.middleware_stack(scope, receive, send)
D:\PythonInstaller\Lib\site-packages\starlette\middleware\errors.py:187: in __call__
    raise exc
D:\PythonInstaller\Lib\site-packages\starlette\middleware\errors.py:165: in __call__
    await self.app(scope, receive, _send)
D:\PythonInstaller\Lib\site-packages\starlette\middleware\exceptions.py:62: in __call__
    await wrap_app_handling_exceptions(self.app, conn)(scope, receive, send)
D:\PythonInstaller\Lib\site-packages\starlette\_exception_handler.py:53: in wrapped_app
    raise exc
D:\PythonInstaller\Lib\site-packages\starlette\_exception_handler.py:42: in wrapped_app
    await app(scope, receive, sender)
D:\PythonInstaller\Lib\site-packages\starlette\routing.py:714: in __call__
    await self.middleware_stack(scope, receive, send)
D:\PythonInstaller\Lib\site-packages\starlette\routing.py:734: in app
    await route.handle(scope, receive, send)
D:\PythonInstaller\Lib\site-packages\starlette\routing.py:288: in handle
    await self.app(scope, receive, send)
D:\PythonInstaller\Lib\site-packages\starlette\routing.py:76: in app
    await wrap_app_handling_exceptions(app, request)(scope, receive, send)
D:\PythonInstaller\Lib\site-packages\starlette\_exception_handler.py:53: in wrapped_app
    raise exc
D:\PythonInstaller\Lib\site-packages\starlette\_exception_handler.py:42: in wrapped_app
    await app(scope, receive, sender)
D:\PythonInstaller\Lib\site-packages\starlette\routing.py:73: in app
    response = await f(request)
               ^^^^^^^^^^^^^^^^
D:\PythonInstaller\Lib\site-packages\fastapi\routing.py:301: in app
    raw_response = await run_endpoint_function(
D:\PythonInstaller\Lib\site-packages\fastapi\routing.py:212: in run_endpoint_function
    return await dependant.call(**values)
           ^^^^^^^^^^^^^^^^^^^^^^^^^^^^^^
services\api\app\routes\chat.py:145: in chat
    context, used_memories, retrieval_mode = await coordinator.retrieve_context(
services\api\app\services\retrieval.py:320: in retrieve_context
    candidates = await self._retriever.retrieve(
services\api\app\services\retrieval.py:57: in retrieve
    repo_results = await self.repository.search_candidates(
services\api\app\services\observability.py:129: in async_wrapper
    return await func(*args, **kwargs)
           ^^^^^^^^^^^^^^^^^^^^^^^^^^^
services\api\app\repositories\postgres.py:551: in search_candidates
    async with get_connection() as conn:
D:\PythonInstaller\Lib\contextlib.py:210: in __aenter__
    return await anext(self.gen)
           ^^^^^^^^^^^^^^^^^^^^^
services\api\app\repositories\postgres.py:130: in get_connection
    await ensure_active_pool()
services\api\app\repositories\postgres.py:117: in ensure_active_pool
    await db_manager.initialize()
services\api\app\repositories\postgres_connection.py:61: in initialize
    self.pool = await asyncpg.create_pool(
D:\PythonInstaller\Lib\site-packages\asyncpg\pool.py:439: in _async__init__
    await self._initialize()
D:\PythonInstaller\Lib\site-packages\asyncpg\pool.py:466: in _initialize
    await first_ch.connect()
D:\PythonInstaller\Lib\site-packages\asyncpg\pool.py:153: in connect
    self._con = await self._pool._get_new_connection()
                ^^^^^^^^^^^^^^^^^^^^^^^^^^^^^^^^^^^^^^
D:\PythonInstaller\Lib\site-packages\asyncpg\pool.py:538: in _get_new_connection
    con = await self._connect(
D:\PythonInstaller\Lib\site-packages\asyncpg\connection.py:2443: in connect
    return await connect_utils._connect(
D:\PythonInstaller\Lib\site-packages\asyncpg\connect_utils.py:1218: in _connect
    conn = await _connect_addr(
D:\PythonInstaller\Lib\site-packages\asyncpg\connect_utils.py:1054: in _connect_addr
    return await __connect_addr(params, True, *args)
           ^^^^^^^^^^^^^^^^^^^^^^^^^^^^^^^^^^^^^^^^^
D:\PythonInstaller\Lib\site-packages\asyncpg\connect_utils.py:1102: in __connect_addr
    await connected
E   asyncpg.exceptions.CannotConnectNowError: the database system is in recovery mode
------------------------------ Captured log call ------------------------------
ERROR    app.repositories.postgres_connection:postgres_connection.py:75 Failed to initialize PostgreSQL connection pool: the database system is in recovery mode
_______________________ test_transaction_commit_success _______________________
tests\test_transactions.py:88: in test_transaction_commit_success
    asyncio.run(run())
D:\PythonInstaller\Lib\asyncio\runners.py:190: in run
    return runner.run(main)
           ^^^^^^^^^^^^^^^^
D:\PythonInstaller\Lib\asyncio\runners.py:118: in run
    return self._loop.run_until_complete(task)
           ^^^^^^^^^^^^^^^^^^^^^^^^^^^^^^^^^^^
D:\PythonInstaller\Lib\asyncio\base_events.py:654: in run_until_complete
    return future.result()
           ^^^^^^^^^^^^^^^
tests\test_transactions.py:56: in run
    await clean_database()
tests\test_transactions.py:31: in clean_database
    await db_manager.initialize()
services\api\app\repositories\postgres_connection.py:61: in initialize
    self.pool = await asyncpg.create_pool(
D:\PythonInstaller\Lib\site-packages\asyncpg\pool.py:439: in _async__init__
    await self._initialize()
D:\PythonInstaller\Lib\site-packages\asyncpg\pool.py:466: in _initialize
    await first_ch.connect()
D:\PythonInstaller\Lib\site-packages\asyncpg\pool.py:153: in connect
    self._con = await self._pool._get_new_connection()
                ^^^^^^^^^^^^^^^^^^^^^^^^^^^^^^^^^^^^^^
D:\PythonInstaller\Lib\site-packages\asyncpg\pool.py:538: in _get_new_connection
    con = await self._connect(
D:\PythonInstaller\Lib\site-packages\asyncpg\connection.py:2443: in connect
    return await connect_utils._connect(
D:\PythonInstaller\Lib\site-packages\asyncpg\connect_utils.py:1218: in _connect
    conn = await _connect_addr(
D:\PythonInstaller\Lib\site-packages\asyncpg\connect_utils.py:1054: in _connect_addr
    return await __connect_addr(params, True, *args)
           ^^^^^^^^^^^^^^^^^^^^^^^^^^^^^^^^^^^^^^^^^
D:\PythonInstaller\Lib\site-packages\asyncpg\connect_utils.py:1102: in __connect_addr
    await connected
E   asyncpg.exceptions.CannotConnectNowError: the database system is in recovery mode
------------------------------ Captured log call ------------------------------
ERROR    app.repositories.postgres_connection:postgres_connection.py:75 Failed to initialize PostgreSQL connection pool: the database system is in recovery mode
_______________ test_transaction_rollback_on_repository_failure _______________
tests\test_transactions.py:167: in test_transaction_rollback_on_repository_failure
    asyncio.run(run())
D:\PythonInstaller\Lib\asyncio\runners.py:190: in run
    return runner.run(main)
           ^^^^^^^^^^^^^^^^
D:\PythonInstaller\Lib\asyncio\runners.py:118: in run
    return self._loop.run_until_complete(task)
           ^^^^^^^^^^^^^^^^^^^^^^^^^^^^^^^^^^^
D:\PythonInstaller\Lib\asyncio\base_events.py:654: in run_until_complete
    return future.result()
           ^^^^^^^^^^^^^^^
tests\test_transactions.py:93: in run
    await clean_database()
tests\test_transactions.py:31: in clean_database
    await db_manager.initialize()
services\api\app\repositories\postgres_connection.py:61: in initialize
    self.pool = await asyncpg.create_pool(
D:\PythonInstaller\Lib\site-packages\asyncpg\pool.py:439: in _async__init__
    await self._initialize()
D:\PythonInstaller\Lib\site-packages\asyncpg\pool.py:466: in _initialize
    await first_ch.connect()
D:\PythonInstaller\Lib\site-packages\asyncpg\pool.py:153: in connect
    self._con = await self._pool._get_new_connection()
                ^^^^^^^^^^^^^^^^^^^^^^^^^^^^^^^^^^^^^^
D:\PythonInstaller\Lib\site-packages\asyncpg\pool.py:538: in _get_new_connection
    con = await self._connect(
D:\PythonInstaller\Lib\site-packages\asyncpg\connection.py:2443: in connect
    return await connect_utils._connect(
D:\PythonInstaller\Lib\site-packages\asyncpg\connect_utils.py:1218: in _connect
    conn = await _connect_addr(
D:\PythonInstaller\Lib\site-packages\asyncpg\connect_utils.py:1054: in _connect_addr
    return await __connect_addr(params, True, *args)
           ^^^^^^^^^^^^^^^^^^^^^^^^^^^^^^^^^^^^^^^^^
D:\PythonInstaller\Lib\site-packages\asyncpg\connect_utils.py:1102: in __connect_addr
    await connected
E   asyncpg.exceptions.CannotConnectNowError: the database system is in recovery mode
------------------------------ Captured log call ------------------------------
ERROR    app.repositories.postgres_connection:postgres_connection.py:75 Failed to initialize PostgreSQL connection pool: the database system is in recovery mode
_________________ test_transaction_rollback_on_audit_failure __________________
tests\test_transactions.py:203: in test_transaction_rollback_on_audit_failure
    asyncio.run(run())
D:\PythonInstaller\Lib\asyncio\runners.py:190: in run
    return runner.run(main)
           ^^^^^^^^^^^^^^^^
D:\PythonInstaller\Lib\asyncio\runners.py:118: in run
    return self._loop.run_until_complete(task)
           ^^^^^^^^^^^^^^^^^^^^^^^^^^^^^^^^^^^
D:\PythonInstaller\Lib\asyncio\base_events.py:654: in run_until_complete
    return future.result()
           ^^^^^^^^^^^^^^^
tests\test_transactions.py:172: in run
    await clean_database()
tests\test_transactions.py:31: in clean_database
    await db_manager.initialize()
services\api\app\repositories\postgres_connection.py:61: in initialize
    self.pool = await asyncpg.create_pool(
D:\PythonInstaller\Lib\site-packages\asyncpg\pool.py:439: in _async__init__
    await self._initialize()
D:\PythonInstaller\Lib\site-packages\asyncpg\pool.py:466: in _initialize
    await first_ch.connect()
D:\PythonInstaller\Lib\site-packages\asyncpg\pool.py:153: in connect
    self._con = await self._pool._get_new_connection()
                ^^^^^^^^^^^^^^^^^^^^^^^^^^^^^^^^^^^^^^
D:\PythonInstaller\Lib\site-packages\asyncpg\pool.py:538: in _get_new_connection
    con = await self._connect(
D:\PythonInstaller\Lib\site-packages\asyncpg\connection.py:2443: in connect
    return await connect_utils._connect(
D:\PythonInstaller\Lib\site-packages\asyncpg\connect_utils.py:1218: in _connect
    conn = await _connect_addr(
D:\PythonInstaller\Lib\site-packages\asyncpg\connect_utils.py:1054: in _connect_addr
    return await __connect_addr(params, True, *args)
           ^^^^^^^^^^^^^^^^^^^^^^^^^^^^^^^^^^^^^^^^^
D:\PythonInstaller\Lib\site-packages\asyncpg\connect_utils.py:1102: in __connect_addr
    await connected
E   asyncpg.exceptions.CannotConnectNowError: the database system is in recovery mode
------------------------------ Captured log call ------------------------------
ERROR    app.repositories.postgres_connection:postgres_connection.py:75 Failed to initialize PostgreSQL connection pool: the database system is in recovery mode
______________________ test_nested_transaction_rollback _______________________
tests\test_transactions.py:263: in test_nested_transaction_rollback
    asyncio.run(run())
D:\PythonInstaller\Lib\asyncio\runners.py:190: in run
    return runner.run(main)
           ^^^^^^^^^^^^^^^^
D:\PythonInstaller\Lib\asyncio\runners.py:118: in run
    return self._loop.run_until_complete(task)
           ^^^^^^^^^^^^^^^^^^^^^^^^^^^^^^^^^^^
D:\PythonInstaller\Lib\asyncio\base_events.py:654: in run_until_complete
    return future.result()
           ^^^^^^^^^^^^^^^
tests\test_transactions.py:208: in run
    await clean_database()
tests\test_transactions.py:31: in clean_database
    await db_manager.initialize()
services\api\app\repositories\postgres_connection.py:61: in initialize
    self.pool = await asyncpg.create_pool(
D:\PythonInstaller\Lib\site-packages\asyncpg\pool.py:439: in _async__init__
    await self._initialize()
D:\PythonInstaller\Lib\site-packages\asyncpg\pool.py:466: in _initialize
    await first_ch.connect()
D:\PythonInstaller\Lib\site-packages\asyncpg\pool.py:153: in connect
    self._con = await self._pool._get_new_connection()
                ^^^^^^^^^^^^^^^^^^^^^^^^^^^^^^^^^^^^^^
D:\PythonInstaller\Lib\site-packages\asyncpg\pool.py:538: in _get_new_connection
    con = await self._connect(
D:\PythonInstaller\Lib\site-packages\asyncpg\connection.py:2443: in connect
    return await connect_utils._connect(
D:\PythonInstaller\Lib\site-packages\asyncpg\connect_utils.py:1218: in _connect
    conn = await _connect_addr(
D:\PythonInstaller\Lib\site-packages\asyncpg\connect_utils.py:1054: in _connect_addr
    return await __connect_addr(params, True, *args)
           ^^^^^^^^^^^^^^^^^^^^^^^^^^^^^^^^^^^^^^^^^
D:\PythonInstaller\Lib\site-packages\asyncpg\connect_utils.py:1102: in __connect_addr
    await connected
E   asyncpg.exceptions.CannotConnectNowError: the database system is in recovery mode
------------------------------ Captured log call ------------------------------
ERROR    app.repositories.postgres_connection:postgres_connection.py:75 Failed to initialize PostgreSQL connection pool: the database system is in recovery mode
_____________________ test_update_existing_missing_target _____________________
services\api\app\repositories\transactions.py:84: in transaction
    yield
services\api\app\services\write.py:190: in process
    raise TargetUnavailableError("Target memory record does not exist or is out of scope.")
E   app.services.write.TargetUnavailableError: Target memory record does not exist or is out of scope.

During handling of the above exception, another exception occurred:
tests\test_write_service.py:332: in test_update_existing_missing_target
    asyncio.run(run())
D:\PythonInstaller\Lib\asyncio\runners.py:190: in run
    return runner.run(main)
           ^^^^^^^^^^^^^^^^
D:\PythonInstaller\Lib\asyncio\runners.py:118: in run
    return self._loop.run_until_complete(task)
           ^^^^^^^^^^^^^^^^^^^^^^^^^^^^^^^^^^^
D:\PythonInstaller\Lib\asyncio\base_events.py:654: in run_until_complete
    return future.result()
           ^^^^^^^^^^^^^^^
tests\test_write_service.py:327: in run
    await service.process(candidate)
services\api\app\services\write.py:57: in process
    async with self.transaction_manager.transaction():
D:\PythonInstaller\Lib\contextlib.py:231: in __aexit__
    await self.gen.athrow(typ, value, traceback)
services\api\app\repositories\transactions.py:92: in transaction
    repo._records.clear()
services\api\app\repositories\postgres.py:155: in clear
    run_async_synchronously(run_in_temp_conn(do_clear))
services\api\app\repositories\postgres.py:48: in run_async_synchronously
    raise exception[0]
services\api\app\repositories\postgres.py:38: in target
    res = new_loop.run_until_complete(coro)
          ^^^^^^^^^^^^^^^^^^^^^^^^^^^^^^^^^
D:\PythonInstaller\Lib\asyncio\base_events.py:654: in run_until_complete
    return future.result()
           ^^^^^^^^^^^^^^^
services\api\app\repositories\postgres.py:62: in run_in_temp_conn
    conn = await asyncpg.connect(
D:\PythonInstaller\Lib\site-packages\asyncpg\connection.py:2443: in connect
    return await connect_utils._connect(
D:\PythonInstaller\Lib\site-packages\asyncpg\connect_utils.py:1218: in _connect
    conn = await _connect_addr(
D:\PythonInstaller\Lib\site-packages\asyncpg\connect_utils.py:1054: in _connect_addr
    return await __connect_addr(params, True, *args)
           ^^^^^^^^^^^^^^^^^^^^^^^^^^^^^^^^^^^^^^^^^
D:\PythonInstaller\Lib\site-packages\asyncpg\connect_utils.py:1102: in __connect_addr
    await connected
E   asyncpg.exceptions.CannotConnectNowError: the database system is in recovery mode
------------------------------ Captured log call ------------------------------
WARNING  app.repositories.transactions:transactions.py:88 Exception raised in in-memory transaction: Target memory record does not exist or is out of scope.. Restoring snapshot state.
____________________ test_update_existing_inactive_target _____________________
services\api\app\repositories\transactions.py:84: in transaction
    yield
services\api\app\services\write.py:194: in process
    raise TargetUnavailableError("Target memory record is not ACTIVE.")
E   app.services.write.TargetUnavailableError: Target memory record is not ACTIVE.

During handling of the above exception, another exception occurred:
tests\test_write_service.py:380: in test_update_existing_inactive_target
    asyncio.run(run())
D:\PythonInstaller\Lib\asyncio\runners.py:190: in run
    return runner.run(main)
           ^^^^^^^^^^^^^^^^
D:\PythonInstaller\Lib\asyncio\runners.py:118: in run
    return self._loop.run_until_complete(task)
           ^^^^^^^^^^^^^^^^^^^^^^^^^^^^^^^^^^^
D:\PythonInstaller\Lib\asyncio\base_events.py:654: in run_until_complete
    return future.result()
           ^^^^^^^^^^^^^^^
tests\test_write_service.py:378: in run
    await service.process(candidate)
services\api\app\services\write.py:57: in process
    async with self.transaction_manager.transaction():
D:\PythonInstaller\Lib\contextlib.py:231: in __aexit__
    await self.gen.athrow(typ, value, traceback)
services\api\app\repositories\transactions.py:92: in transaction
    repo._records.clear()
services\api\app\repositories\postgres.py:155: in clear
    run_async_synchronously(run_in_temp_conn(do_clear))
services\api\app\repositories\postgres.py:48: in run_async_synchronously
    raise exception[0]
services\api\app\repositories\postgres.py:38: in target
    res = new_loop.run_until_complete(coro)
          ^^^^^^^^^^^^^^^^^^^^^^^^^^^^^^^^^
D:\PythonInstaller\Lib\asyncio\base_events.py:654: in run_until_complete
    return future.result()
           ^^^^^^^^^^^^^^^
services\api\app\repositories\postgres.py:62: in run_in_temp_conn
    conn = await asyncpg.connect(
D:\PythonInstaller\Lib\site-packages\asyncpg\connection.py:2443: in connect
    return await connect_utils._connect(
D:\PythonInstaller\Lib\site-packages\asyncpg\connect_utils.py:1218: in _connect
    conn = await _connect_addr(
D:\PythonInstaller\Lib\site-packages\asyncpg\connect_utils.py:1054: in _connect_addr
    return await __connect_addr(params, True, *args)
           ^^^^^^^^^^^^^^^^^^^^^^^^^^^^^^^^^^^^^^^^^
D:\PythonInstaller\Lib\site-packages\asyncpg\connect_utils.py:1102: in __connect_addr
    await connected
E   asyncpg.exceptions.CannotConnectNowError: the database system is in recovery mode
------------------------------ Captured log call ------------------------------
WARNING  app.repositories.transactions:transactions.py:88 Exception raised in in-memory transaction: Target memory record is not ACTIVE.. Restoring snapshot state.
__________________ test_update_existing_coordinate_mismatch ___________________
services\api\app\repositories\transactions.py:84: in transaction
    yield
services\api\app\services\write.py:201: in process
    raise InvalidPolicyResultError("Coordinate mismatch between candidate and target memory.")
E   app.services.write.InvalidPolicyResultError: Coordinate mismatch between candidate and target memory.

During handling of the above exception, another exception occurred:
tests\test_write_service.py:427: in test_update_existing_coordinate_mismatch
    asyncio.run(run())
D:\PythonInstaller\Lib\asyncio\runners.py:190: in run
    return runner.run(main)
           ^^^^^^^^^^^^^^^^
D:\PythonInstaller\Lib\asyncio\runners.py:118: in run
    return self._loop.run_until_complete(task)
           ^^^^^^^^^^^^^^^^^^^^^^^^^^^^^^^^^^^
D:\PythonInstaller\Lib\asyncio\base_events.py:654: in run_until_complete
    return future.result()
           ^^^^^^^^^^^^^^^
tests\test_write_service.py:425: in run
    await service.process(candidate)
services\api\app\services\write.py:57: in process
    async with self.transaction_manager.transaction():
D:\PythonInstaller\Lib\contextlib.py:231: in __aexit__
    await self.gen.athrow(typ, value, traceback)
services\api\app\repositories\transactions.py:92: in transaction
    repo._records.clear()
services\api\app\repositories\postgres.py:155: in clear
    run_async_synchronously(run_in_temp_conn(do_clear))
services\api\app\repositories\postgres.py:48: in run_async_synchronously
    raise exception[0]
services\api\app\repositories\postgres.py:38: in target
    res = new_loop.run_until_complete(coro)
          ^^^^^^^^^^^^^^^^^^^^^^^^^^^^^^^^^
D:\PythonInstaller\Lib\asyncio\base_events.py:654: in run_until_complete
    return future.result()
           ^^^^^^^^^^^^^^^
services\api\app\repositories\postgres.py:62: in run_in_temp_conn
    conn = await asyncpg.connect(
D:\PythonInstaller\Lib\site-packages\asyncpg\connection.py:2443: in connect
    return await connect_utils._connect(
D:\PythonInstaller\Lib\site-packages\asyncpg\connect_utils.py:1218: in _connect
    conn = await _connect_addr(
D:\PythonInstaller\Lib\site-packages\asyncpg\connect_utils.py:1054: in _connect_addr
    return await __connect_addr(params, True, *args)
           ^^^^^^^^^^^^^^^^^^^^^^^^^^^^^^^^^^^^^^^^^
D:\PythonInstaller\Lib\site-packages\asyncpg\connect_utils.py:1102: in __connect_addr
    await connected
E   asyncpg.exceptions.CannotConnectNowError: the database system is in recovery mode
------------------------------ Captured log call ------------------------------
WARNING  app.repositories.transactions:transactions.py:88 Exception raised in in-memory transaction: Coordinate mismatch between candidate and target memory.. Restoring snapshot state.
____________________ test_malformed_update_existing_result ____________________
services\api\app\repositories\transactions.py:84: in transaction
    yield
services\api\app\services\write.py:181: in process
    raise InvalidPolicyResultError("target_memory_id is required for UPDATE_EXISTING decisions.")
E   app.services.write.InvalidPolicyResultError: target_memory_id is required for UPDATE_EXISTING decisions.

During handling of the above exception, another exception occurred:
tests\test_write_service.py:458: in test_malformed_update_existing_result
    asyncio.run(run())
D:\PythonInstaller\Lib\asyncio\runners.py:190: in run
    return runner.run(main)
           ^^^^^^^^^^^^^^^^
D:\PythonInstaller\Lib\asyncio\runners.py:118: in run
    return self._loop.run_until_complete(task)
           ^^^^^^^^^^^^^^^^^^^^^^^^^^^^^^^^^^^
D:\PythonInstaller\Lib\asyncio\base_events.py:654: in run_until_complete
    return future.result()
           ^^^^^^^^^^^^^^^
tests\test_write_service.py:456: in run
    await service.process(candidate)
services\api\app\services\write.py:57: in process
    async with self.transaction_manager.transaction():
D:\PythonInstaller\Lib\contextlib.py:231: in __aexit__
    await self.gen.athrow(typ, value, traceback)
services\api\app\repositories\transactions.py:92: in transaction
    repo._records.clear()
services\api\app\repositories\postgres.py:155: in clear
    run_async_synchronously(run_in_temp_conn(do_clear))
services\api\app\repositories\postgres.py:48: in run_async_synchronously
    raise exception[0]
services\api\app\repositories\postgres.py:38: in target
    res = new_loop.run_until_complete(coro)
          ^^^^^^^^^^^^^^^^^^^^^^^^^^^^^^^^^
D:\PythonInstaller\Lib\asyncio\base_events.py:654: in run_until_complete
    return future.result()
           ^^^^^^^^^^^^^^^
services\api\app\repositories\postgres.py:62: in run_in_temp_conn
    conn = await asyncpg.connect(
D:\PythonInstaller\Lib\site-packages\asyncpg\connection.py:2443: in connect
    return await connect_utils._connect(
D:\PythonInstaller\Lib\site-packages\asyncpg\connect_utils.py:1218: in _connect
    conn = await _connect_addr(
D:\PythonInstaller\Lib\site-packages\asyncpg\connect_utils.py:1054: in _connect_addr
    return await __connect_addr(params, True, *args)
           ^^^^^^^^^^^^^^^^^^^^^^^^^^^^^^^^^^^^^^^^^
D:\PythonInstaller\Lib\site-packages\asyncpg\connect_utils.py:1102: in __connect_addr
    await connected
E   asyncpg.exceptions.CannotConnectNowError: the database system is in recovery mode
------------------------------ Captured log call ------------------------------
WARNING  app.repositories.transactions:transactions.py:88 Exception raised in in-memory transaction: target_memory_id is required for UPDATE_EXISTING decisions.. Restoring snapshot state.
_______________________ test_merge_with_existing_throws _______________________
services\api\app\repositories\transactions.py:84: in transaction
    yield
services\api\app\services\write.py:243: in process
    raise UnsupportedDecisionError("MERGE_WITH_EXISTING is not supported in the Phase 1 MVP.")
E   app.services.write.UnsupportedDecisionError: MERGE_WITH_EXISTING is not supported in the Phase 1 MVP.

During handling of the above exception, another exception occurred:
tests\test_write_service.py:488: in test_merge_with_existing_throws
    asyncio.run(run())
D:\PythonInstaller\Lib\asyncio\runners.py:190: in run
    return runner.run(main)
           ^^^^^^^^^^^^^^^^
D:\PythonInstaller\Lib\asyncio\runners.py:118: in run
    return self._loop.run_until_complete(task)
           ^^^^^^^^^^^^^^^^^^^^^^^^^^^^^^^^^^^
D:\PythonInstaller\Lib\asyncio\base_events.py:654: in run_until_complete
    return future.result()
           ^^^^^^^^^^^^^^^
tests\test_write_service.py:486: in run
    await service.process(candidate)
services\api\app\services\write.py:57: in process
    async with self.transaction_manager.transaction():
D:\PythonInstaller\Lib\contextlib.py:231: in __aexit__
    await self.gen.athrow(typ, value, traceback)
services\api\app\repositories\transactions.py:92: in transaction
    repo._records.clear()
services\api\app\repositories\postgres.py:155: in clear
    run_async_synchronously(run_in_temp_conn(do_clear))
services\api\app\repositories\postgres.py:48: in run_async_synchronously
    raise exception[0]
services\api\app\repositories\postgres.py:38: in target
    res = new_loop.run_until_complete(coro)
          ^^^^^^^^^^^^^^^^^^^^^^^^^^^^^^^^^
D:\PythonInstaller\Lib\asyncio\base_events.py:654: in run_until_complete
    return future.result()
           ^^^^^^^^^^^^^^^
services\api\app\repositories\postgres.py:62: in run_in_temp_conn
    conn = await asyncpg.connect(
D:\PythonInstaller\Lib\site-packages\asyncpg\connection.py:2443: in connect
    return await connect_utils._connect(
D:\PythonInstaller\Lib\site-packages\asyncpg\connect_utils.py:1218: in _connect
    conn = await _connect_addr(
D:\PythonInstaller\Lib\site-packages\asyncpg\connect_utils.py:1054: in _connect_addr
    return await __connect_addr(params, True, *args)
           ^^^^^^^^^^^^^^^^^^^^^^^^^^^^^^^^^^^^^^^^^
D:\PythonInstaller\Lib\site-packages\asyncpg\connect_utils.py:1102: in __connect_addr
    await connected
E   asyncpg.exceptions.CannotConnectNowError: the database system is in recovery mode
------------------------------ Captured log call ------------------------------
WARNING  app.repositories.transactions:transactions.py:88 Exception raised in in-memory transaction: MERGE_WITH_EXISTING is not supported in the Phase 1 MVP.. Restoring snapshot state.
_______________________ test_audit_failure_propagation ________________________
tests\test_write_service.py:32: in record
    raise RuntimeError("Audit database connection lost.")
E   RuntimeError: Audit database connection lost.

During handling of the above exception, another exception occurred:
tests\test_write_service.py:521: in test_audit_failure_propagation
    asyncio.run(run())
D:\PythonInstaller\Lib\asyncio\runners.py:190: in run
    return runner.run(main)
           ^^^^^^^^^^^^^^^^
D:\PythonInstaller\Lib\asyncio\runners.py:118: in run
    return self._loop.run_until_complete(task)
           ^^^^^^^^^^^^^^^^^^^^^^^^^^^^^^^^^^^
D:\PythonInstaller\Lib\asyncio\base_events.py:654: in run_until_complete
    return future.result()
           ^^^^^^^^^^^^^^^
tests\test_write_service.py:514: in run
    await service.process(candidate)
services\api\app\services\write.py:57: in process
    async with self.transaction_manager.transaction():
D:\PythonInstaller\Lib\contextlib.py:231: in __aexit__
    await self.gen.athrow(typ, value, traceback)
services\api\app\repositories\transactions.py:92: in transaction
    repo._records.clear()
services\api\app\repositories\postgres.py:155: in clear
    run_async_synchronously(run_in_temp_conn(do_clear))
services\api\app\repositories\postgres.py:48: in run_async_synchronously
    raise exception[0]
services\api\app\repositories\postgres.py:38: in target
    res = new_loop.run_until_complete(coro)
          ^^^^^^^^^^^^^^^^^^^^^^^^^^^^^^^^^
D:\PythonInstaller\Lib\asyncio\base_events.py:654: in run_until_complete
    return future.result()
           ^^^^^^^^^^^^^^^
services\api\app\repositories\postgres.py:62: in run_in_temp_conn
    conn = await asyncpg.connect(
D:\PythonInstaller\Lib\site-packages\asyncpg\connection.py:2443: in connect
    return await connect_utils._connect(
D:\PythonInstaller\Lib\site-packages\asyncpg\connect_utils.py:1218: in _connect
    conn = await _connect_addr(
D:\PythonInstaller\Lib\site-packages\asyncpg\connect_utils.py:1054: in _connect_addr
    return await __connect_addr(params, True, *args)
           ^^^^^^^^^^^^^^^^^^^^^^^^^^^^^^^^^^^^^^^^^
D:\PythonInstaller\Lib\site-packages\asyncpg\connect_utils.py:1102: in __connect_addr
    await connected
E   asyncpg.exceptions.CannotConnectNowError: the database system is in recovery mode
------------------------------ Captured log call ------------------------------
WARNING  app.repositories.transactions:transactions.py:88 Exception raised in in-memory transaction: Audit database connection lost.. Restoring snapshot state.
=========================== short test summary info ===========================
FAILED tests/test_governance_api.py::test_api_patch_memory_transitions_and_safety
FAILED tests/test_governance_api.py::test_api_audit_and_metrics - assert 0 == 1
FAILED tests/test_lifecycle_behaviors.py::test_decay_processing[asyncio] - As...
FAILED tests/test_lifecycle_infrastructure.py::test_execution_history_success_and_fail[asyncio]
FAILED tests/test_lifecycle_infrastructure.py::test_scheduled_execution[asyncio]
FAILED tests/test_lifecycle_infrastructure.py::test_concurrent_execution_protection[asyncio]
FAILED tests/test_postgres_repository.py::test_postgres_list_active_active_only_filtering
FAILED tests/test_postgres_repository.py::test_postgres_get_active_by_slot_basic_scenarios
FAILED tests/test_postgres_repository.py::test_postgres_get_active_by_slot_filters
FAILED tests/test_postgres_repository.py::test_postgres_update_identity_immutability
FAILED tests/test_postgres_repository.py::test_postgres_search_candidates_flow
FAILED tests/test_postgres_repository.py::test_postgres_audit_service_basic_recording
FAILED tests/test_postgres_repository.py::test_postgres_duplicate_event_rejection
FAILED tests/test_postgres_repository.py::test_postgres_block_and_drop_with_none_memory_id
FAILED tests/test_postgres_repository.py::test_postgres_scoped_filtering - as...
FAILED tests/test_postgres_repository.py::test_postgres_deterministic_sorting
FAILED tests/test_postgres_repository.py::test_postgres_limit_validation - as...
FAILED tests/test_retrieval_telemetry.py::test_gateway_propagates_generated_trace_id
FAILED tests/test_transactions.py::test_transaction_commit_success - asyncpg....
FAILED tests/test_transactions.py::test_transaction_rollback_on_repository_failure
FAILED tests/test_transactions.py::test_transaction_rollback_on_audit_failure
FAILED tests/test_transactions.py::test_nested_transaction_rollback - asyncpg...
FAILED tests/test_write_service.py::test_update_existing_missing_target - asy...
FAILED tests/test_write_service.py::test_update_existing_inactive_target - as...
FAILED tests/test_write_service.py::test_update_existing_coordinate_mismatch
FAILED tests/test_write_service.py::test_malformed_update_existing_result - a...
FAILED tests/test_write_service.py::test_merge_with_existing_throws - asyncpg...
FAILED tests/test_write_service.py::test_audit_failure_propagation - asyncpg....
================= 28 failed, 214 passed in 870.05s (0:14:30) ==================
